INFO:sim:172 - Generating IP...
Applying current project options...
Finished applying current project options.
WARNING:sim - A core named 'CM' already exists in the project. Output products
   for this core may be overwritten.
Resolving generics for 'CM'...
WARNING:sim - A core named 'CM' already exists in the project. Output products
   for this core may be overwritten.
Applying external generics to 'CM'...
Delivering associated files for 'CM'...
Delivering EJava files for 'CM'...
Generating implementation netlist for 'CM'...
INFO:sim - Pre-processing HDL files for 'CM'...
Running synthesis for 'CM'
Running ngcbuild...
Writing VEO instantiation template for 'CM'...
Writing Verilog behavioral simulation model for 'CM'...
WARNING:sim - Overwriting existing file
   F:/Workspace/ASM/Hard/ZPC/ipcore_dir/tmp/_cg/CM/doc/blk_mem_gen_v7_3_vinfo.ht
   ml with file from view xilinx_documentation
Delivered 1 file into directory F:/Workspace/ASM/Hard/ZPC/ipcore_dir/tmp/_cg/CM
Generating ASY schematic symbol...
INFO:sim:949 - Finished generation of ASY schematic symbol.
Generating SYM schematic symbol for 'CM'...
Generating metadata file...
Regenerating ISE project file for 'CM'...
Generating ISE project...
XCO file found: CM.xco
XMDF file found: CM_xmdf.tcl
Adding F:/Workspace/ASM/Hard/ZPC/ipcore_dir/tmp/_cg/CM.asy -view all
-origin_type imported
Adding F:/Workspace/ASM/Hard/ZPC/ipcore_dir/tmp/_cg/CM.ngc -view all
-origin_type created
Checking file "F:/Workspace/ASM/Hard/ZPC/ipcore_dir/tmp/_cg/CM.ngc" for project
device match ...
File "F:/Workspace/ASM/Hard/ZPC/ipcore_dir/tmp/_cg/CM.ngc" device information
matches project device.
Adding F:/Workspace/ASM/Hard/ZPC/ipcore_dir/tmp/_cg/CM.sym -view all
-origin_type imported
Adding F:/Workspace/ASM/Hard/ZPC/ipcore_dir/tmp/_cg/CM.v -view all -origin_type
created
INFO:HDLCompiler:1845 - Analyzing Verilog file
   "F:/Workspace/ASM/Hard/ZPC/ipcore_dir/tmp/_cg/CM.v" into library work
INFO:ProjectMgmt - Parsing design hierarchy completed successfully.
Adding F:/Workspace/ASM/Hard/ZPC/ipcore_dir/tmp/_cg/CM.veo -view all
-origin_type imported
INFO:TclTasksC:2116 - The automatic calculation of top has been turned-off.
   Please set the new top explicitly by running the "project set top" command.
   To re-calculate the new top automatically, set the "Auto Implementation Top"
   property to true.
Top level has been set to "/CM"
Generating README file...
Generating FLIST file...
INFO:sim:948 - Finished FLIST file generation.
Launching README viewer...
Moving files to output directory...
Finished moving files to output directory
Wrote CGP file for project 'CM'.
