INFO:sim:172 - Generating IP...
Resolving generics for 'DB'...
Applying external generics to 'DB'...
Delivering associated files for 'DB'...
Delivering EJava files for 'DB'...
Generating implementation netlist for 'DB'...
INFO:sim - Pre-processing HDL files for 'DB'...
Running synthesis for 'DB'
Running ngcbuild...
Writing VEO instantiation template for 'DB'...
Writing Verilog behavioral simulation model for 'DB'...
WARNING:sim - Overwriting existing file
   F:/Workspace/ASM/Hard/DISK/ipcore_dir/tmp/_cg/DB/doc/blk_mem_gen_v7_3_vinfo.h
   tml with file from view xilinx_documentation
Delivered 1 file into directory F:/Workspace/ASM/Hard/DISK/ipcore_dir/tmp/_cg/DB
Generating ASY schematic symbol...
INFO:sim:949 - Finished generation of ASY schematic symbol.
Generating SYM schematic symbol for 'DB'...
Generating metadata file...
Generating ISE project file for 'DB'...
Generating ISE project...
XCO file found: DB.xco
XMDF file found: DB_xmdf.tcl
Adding F:/Workspace/ASM/Hard/DISK/ipcore_dir/tmp/_cg/DB.asy -view all
-origin_type imported
Adding F:/Workspace/ASM/Hard/DISK/ipcore_dir/tmp/_cg/DB.ngc -view all
-origin_type created
Checking file "F:/Workspace/ASM/Hard/DISK/ipcore_dir/tmp/_cg/DB.ngc" for project
device match ...
File "F:/Workspace/ASM/Hard/DISK/ipcore_dir/tmp/_cg/DB.ngc" device information
matches project device.
Adding F:/Workspace/ASM/Hard/DISK/ipcore_dir/tmp/_cg/DB.sym -view all
-origin_type imported
Adding F:/Workspace/ASM/Hard/DISK/ipcore_dir/tmp/_cg/DB.v -view all -origin_type
created
INFO:HDLCompiler:1845 - Analyzing Verilog file
   "F:/Workspace/ASM/Hard/DISK/ipcore_dir/tmp/_cg/DB.v" into library work
INFO:ProjectMgmt - Parsing design hierarchy completed successfully.
Adding F:/Workspace/ASM/Hard/DISK/ipcore_dir/tmp/_cg/DB.veo -view all
-origin_type imported
INFO:TclTasksC:2116 - The automatic calculation of top has been turned-off.
   Please set the new top explicitly by running the "project set top" command.
   To re-calculate the new top automatically, set the "Auto Implementation Top"
   property to true.
Top level has been set to "/DB"
Generating README file...
Generating FLIST file...
INFO:sim:948 - Finished FLIST file generation.
Launching README viewer...
Moving files to output directory...
Finished moving files to output directory
Wrote CGP file for project 'DB'.
