Running: C:\Xilinx\14.7\ISE_DS\ISE\bin\nt64\unwrapped\fuse.exe -intstyle ise -incremental -lib unisims_ver -lib unimacro_ver -lib xilinxcorelib_ver -o F:/Workspace/ASM/Hard/TTY/t_vga_isim_beh.exe -prj F:/Workspace/ASM/Hard/TTY/t_vga_beh.prj work.t_vga work.glbl 
ISim P.20131013 (signature 0x7708f090)
Number of CPUs detected in this system: 4
Turning on mult-threading, number of parallel sub-compilation jobs: 8 
Determining compilation order of HDL files
Analyzing Verilog file "F:/Workspace/ASM/Hard/TTY/../VGA/ipcore_dir/CM.v" into library work
Analyzing Verilog file "F:/Workspace/ASM/Hard/TTY/../VGA/ipcore_dir/VM.v" into library work
Analyzing Verilog file "F:/Workspace/ASM/Hard/TTY/char.v" into library work
Analyzing Verilog file "F:/Workspace/ASM/Hard/TTY/VGA.v" into library work
Analyzing Verilog file "F:/Workspace/ASM/Hard/TTY/t_vga.v" into library work
Analyzing Verilog file "C:/Xilinx/14.7/ISE_DS/ISE//verilog/src/glbl.v" into library work
Starting static elaboration
WARNING:HDLCompiler:1016 - "F:/Workspace/ASM/Hard/TTY/t_vga.v" Line 48: Port ttywrite is not connected to this instance
WARNING:HDLCompiler:189 - "F:/Workspace/ASM/Hard/TTY/VGA.v" Line 66: Size mismatch in connection of port <topval>. Formal port size is 3-bit while actual signal size is 32-bit.
Completed static elaboration
Compiling module clock_divider
Compiling module clock_manager
Compiling module vga_controller_640_60
Compiling module layer_compositor
Compiling module BLK_MEM_GEN_V7_3_output_stage(C_...
Compiling module BLK_MEM_GEN_V7_3_softecc_output_...
Compiling module BLK_MEM_GEN_V7_3_mem_module(C_CO...
Compiling module BLK_MEM_GEN_V7_3(C_FAMILY="spart...
Compiling module VM
Compiling module BLK_MEM_GEN_V7_3_output_stage(C_...
Compiling module BLK_MEM_GEN_V7_3_softecc_output_...
Compiling module BLK_MEM_GEN_V7_3_mem_module(C_CO...
Compiling module BLK_MEM_GEN_V7_3(C_FAMILY="spart...
Compiling module CM
Compiling module char
Compiling module VGA
Compiling module t_vga
Compiling module glbl
Time Resolution for simulation is 1ps.
Waiting for 8 sub-compilation(s) to finish...
Compiled 18 Verilog Units
Built simulation executable F:/Workspace/ASM/Hard/TTY/t_vga_isim_beh.exe
Fuse Memory Usage: 35748 KB
Fuse CPU Usage: 654 ms
