Running: C:\Xilinx\14.7\ISE_DS\ISE\bin\nt64\unwrapped\fuse.exe -intstyle ise -incremental -lib unisims_ver -lib unimacro_ver -lib xilinxcorelib_ver -o F:/Workspace/ASM/Hard/ZPC/t_mem_isim_beh.exe -prj F:/Workspace/ASM/Hard/ZPC/t_mem_beh.prj work.t_mem work.glbl 
ISim P.20131013 (signature 0x7708f090)
Number of CPUs detected in this system: 4
Turning on mult-threading, number of parallel sub-compilation jobs: 8 
Determining compilation order of HDL files
Analyzing Verilog file "F:/Workspace/ASM/Hard/ZPC/ipcore_dir/BB.v" into library work
Analyzing Verilog file "F:/Workspace/ASM/Hard/ZPC/../Mem/Mem.v" into library work
Analyzing Verilog file "F:/Workspace/ASM/Hard/ZPC/t_mem.v" into library work
Analyzing Verilog file "C:/Xilinx/14.7/ISE_DS/ISE//verilog/src/glbl.v" into library work
Starting static elaboration
Completed static elaboration
Compiling module BLK_MEM_GEN_V7_3_output_stage(C_...
Compiling module BLK_MEM_GEN_V7_3_softecc_output_...
Compiling module BLK_MEM_GEN_V7_3_mem_module(C_CO...
Compiling module BLK_MEM_GEN_V7_3(C_FAMILY="spart...
Compiling module BB
Compiling module Mem
Compiling module t_mem
Compiling module glbl
Time Resolution for simulation is 1ps.
Waiting for 1 sub-compilation(s) to finish...
Compiled 8 Verilog Units
Built simulation executable F:/Workspace/ASM/Hard/ZPC/t_mem_isim_beh.exe
Fuse Memory Usage: 34844 KB
Fuse CPU Usage: 467 ms
