ISim log file
Running: F:\Workspace\ASM\Hard\ZPC\t_KB_isim_beh.exe -intstyle ise -gui -tclbatch isim.cmd -wdb F:/Workspace/ASM/Hard/ZPC/t_KB_isim_beh.wdb 
ISim P.20131013 (signature 0x7708f090)
This is a Full version of ISim.
WARNING:  For instance uut/mem/, width 1 of formal port Memread is not equal to width 32 of actual constant.
WARNING:  For instance uut/mem/, width 2 of formal port Memwrite is not equal to width 32 of actual constant.
WARNING: For instance uut/mem/, width 12 of formal port Addrin is not equal to width 32 of actual.
WARNING: File "F:/Workspace/ASM/Hard/ZPC/PC.v" Line 32.  For instance uut/disk/, width 10 of formal port Addrin is not equal to width 32 of actual signal Addr.
WARNING:  For instance vga/vm/, width 1 of formal port wea is not equal to width 32 of actual constant.
WARNING:  For instance vga/vm/, width 12 of formal port addra is not equal to width 32 of actual constant.
WARNING:  For instance vga/vm/, width 8 of formal port dina is not equal to width 32 of actual constant.
WARNING:  For instance vga/vm2/, width 1 of formal port wea is not equal to width 32 of actual constant.
WARNING:  For instance vga/vm2/, width 12 of formal port addra is not equal to width 32 of actual constant.
WARNING:  For instance vga/vm2/, width 8 of formal port dina is not equal to width 32 of actual constant.
WARNING:  For instance vga/line/, width 1 of formal port wea is not equal to width 32 of actual constant.
WARNING:  For instance vga/line/, width 6 of formal port addra is not equal to width 32 of actual constant.
WARNING:  For instance vga/line/, width 8 of formal port dina is not equal to width 32 of actual constant.
WARNING: File "F:/Workspace/ASM/Hard/TTY/VGA.v" Line 52.  For instance vga/line/, width 6 of formal port addrb is not equal to width 5 of actual variable addrb. 
WARNING: File "F:/Workspace/ASM/Hard/TTY/tty.v" Line 49.  For instance t/vga/, width 32 of formal port BUS is not equal to width 8 of actual variable writedata. 
Time resolution is 1 ps
# onerror resume
# wave add /
# run 1000 ns
Simulator is doing circuit initialization process.
 Block Memory Generator CORE Generator module loading initial data...
 Block Memory Generator data initialization complete.
Block Memory Generator CORE Generator module t_KB.uut.mem.ram.inst.\native_mem_module.blk_mem_gen_v7_3_inst  is using a behavioral model for simulation which will not precisely model memory collision behavior.
 Block Memory Generator CORE Generator module loading initial data...
 Block Memory Generator data initialization complete.
Block Memory Generator CORE Generator module t_KB.uut.disk.ram.inst.\native_mem_module.blk_mem_gen_v7_3_inst  is using a behavioral model for simulation which will not precisely model memory collision behavior.
 Block Memory Generator CORE Generator module loading initial data...
 Block Memory Generator data initialization complete.
Block Memory Generator CORE Generator module t_KB.uut.t.vga.vm.inst.\native_mem_module.blk_mem_gen_v7_3_inst  is using a behavioral model for simulation which will not precisely model memory collision behavior.
 Block Memory Generator CORE Generator module loading initial data...
 Block Memory Generator data initialization complete.
Block Memory Generator CORE Generator module t_KB.uut.t.vga.vm2.inst.\native_mem_module.blk_mem_gen_v7_3_inst  is using a behavioral model for simulation which will not precisely model memory collision behavior.
Block Memory Generator CORE Generator module t_KB.uut.t.vga.line.inst.\native_mem_module.blk_mem_gen_v7_3_inst  is using a behavioral model for simulation which will not precisely model memory collision behavior.
 Block Memory Generator CORE Generator module loading initial data...
 Block Memory Generator data initialization complete.
Block Memory Generator CORE Generator module t_KB.uut.t.vga.c.cm.inst.\native_mem_module.blk_mem_gen_v7_3_inst  is using a behavioral model for simulation which will not precisely model memory collision behavior.
Finished circuit initialization process.
blk_mem_gen_v7_3 collision detected at time: 15000, A write address: 0, B  read address: 0
blk_mem_gen_v7_3 collision detected at time: 25000, A write address: 0, B  read address: 0
blk_mem_gen_v7_3 collision detected at time: 35000, A write address: 0, B  read address: 0
blk_mem_gen_v7_3 collision detected at time: 45000, A write address: 0, B  read address: 0
blk_mem_gen_v7_3 collision detected at time: 55000, A write address: 0, B  read address: 0
blk_mem_gen_v7_3 collision detected at time: 65000, A write address: 0, B  read address: 0
blk_mem_gen_v7_3 collision detected at time: 75000, A write address: 0, B  read address: 0
blk_mem_gen_v7_3 collision detected at time: 85000, A write address: 0, B  read address: 0
blk_mem_gen_v7_3 collision detected at time: 95000, A write address: 0, B  read address: 0
blk_mem_gen_v7_3 collision detected at time: 105000, A write address: 0, B  read address: 0
blk_mem_gen_v7_3 collision detected at time: 115000, A write address: 0, B  read address: 0
blk_mem_gen_v7_3 collision detected at time: 125000, A write address: 0, B  read address: 0
blk_mem_gen_v7_3 collision detected at time: 135000, A write address: 0, B  read address: 0
blk_mem_gen_v7_3 collision detected at time: 145000, A write address: 0, B  read address: 0
blk_mem_gen_v7_3 collision detected at time: 155000, A write address: 0, B  read address: 0
blk_mem_gen_v7_3 collision detected at time: 165000, A write address: 0, B  read address: 0
blk_mem_gen_v7_3 collision detected at time: 175000, A write address: 0, B  read address: 0
blk_mem_gen_v7_3 collision detected at time: 185000, A write address: 0, B  read address: 0
blk_mem_gen_v7_3 collision detected at time: 195000, A write address: 0, B  read address: 0
blk_mem_gen_v7_3 collision detected at time: 205000, A write address: 0, B  read address: 0
blk_mem_gen_v7_3 collision detected at time: 215000, A write address: 0, B  read address: 0
blk_mem_gen_v7_3 collision detected at time: 225000, A write address: 0, B  read address: 0
blk_mem_gen_v7_3 collision detected at time: 235000, A write address: 0, B  read address: 0
blk_mem_gen_v7_3 collision detected at time: 245000, A write address: 0, B  read address: 0
blk_mem_gen_v7_3 collision detected at time: 255000, A write address: 0, B  read address: 0
blk_mem_gen_v7_3 collision detected at time: 265000, A write address: 0, B  read address: 0
blk_mem_gen_v7_3 collision detected at time: 275000, A write address: 0, B  read address: 0
blk_mem_gen_v7_3 collision detected at time: 285000, A write address: 0, B  read address: 0
blk_mem_gen_v7_3 collision detected at time: 295000, A write address: 0, B  read address: 0
blk_mem_gen_v7_3 collision detected at time: 305000, A write address: 0, B  read address: 0
blk_mem_gen_v7_3 collision detected at time: 315000, A write address: 0, B  read address: 0
blk_mem_gen_v7_3 collision detected at time: 325000, A write address: 0, B  read address: 0
blk_mem_gen_v7_3 collision detected at time: 335000, A write address: 1, B  read address: 1
blk_mem_gen_v7_3 collision detected at time: 345000, A write address: 1, B  read address: 1
blk_mem_gen_v7_3 collision detected at time: 355000, A write address: 1, B  read address: 1
blk_mem_gen_v7_3 collision detected at time: 365000, A write address: 1, B  read address: 1
blk_mem_gen_v7_3 collision detected at time: 375000, A write address: 1, B  read address: 1
blk_mem_gen_v7_3 collision detected at time: 385000, A write address: 1, B  read address: 1
blk_mem_gen_v7_3 collision detected at time: 395000, A write address: 1, B  read address: 1
blk_mem_gen_v7_3 collision detected at time: 405000, A write address: 1, B  read address: 1
blk_mem_gen_v7_3 collision detected at time: 415000, A write address: 1, B  read address: 1
blk_mem_gen_v7_3 collision detected at time: 425000, A write address: 1, B  read address: 1
blk_mem_gen_v7_3 collision detected at time: 435000, A write address: 1, B  read address: 1
blk_mem_gen_v7_3 collision detected at time: 445000, A write address: 1, B  read address: 1
blk_mem_gen_v7_3 collision detected at time: 455000, A write address: 1, B  read address: 1
blk_mem_gen_v7_3 collision detected at time: 465000, A write address: 1, B  read address: 1
blk_mem_gen_v7_3 collision detected at time: 475000, A write address: 1, B  read address: 1
blk_mem_gen_v7_3 collision detected at time: 485000, A write address: 1, B  read address: 1
blk_mem_gen_v7_3 collision detected at time: 495000, A write address: 1, B  read address: 1
blk_mem_gen_v7_3 collision detected at time: 505000, A write address: 1, B  read address: 1
blk_mem_gen_v7_3 collision detected at time: 515000, A write address: 1, B  read address: 1
blk_mem_gen_v7_3 collision detected at time: 525000, A write address: 1, B  read address: 1
blk_mem_gen_v7_3 collision detected at time: 535000, A write address: 1, B  read address: 1
blk_mem_gen_v7_3 collision detected at time: 545000, A write address: 1, B  read address: 1
blk_mem_gen_v7_3 collision detected at time: 555000, A write address: 1, B  read address: 1
blk_mem_gen_v7_3 collision detected at time: 565000, A write address: 1, B  read address: 1
blk_mem_gen_v7_3 collision detected at time: 575000, A write address: 1, B  read address: 1
blk_mem_gen_v7_3 collision detected at time: 585000, A write address: 1, B  read address: 1
blk_mem_gen_v7_3 collision detected at time: 595000, A write address: 1, B  read address: 1
blk_mem_gen_v7_3 collision detected at time: 605000, A write address: 1, B  read address: 1
blk_mem_gen_v7_3 collision detected at time: 615000, A write address: 1, B  read address: 1
blk_mem_gen_v7_3 collision detected at time: 625000, A write address: 1, B  read address: 1
blk_mem_gen_v7_3 collision detected at time: 635000, A write address: 1, B  read address: 1
blk_mem_gen_v7_3 collision detected at time: 645000, A write address: 1, B  read address: 1
blk_mem_gen_v7_3 collision detected at time: 655000, A write address: 2, B  read address: 2
blk_mem_gen_v7_3 collision detected at time: 665000, A write address: 2, B  read address: 2
blk_mem_gen_v7_3 collision detected at time: 675000, A write address: 2, B  read address: 2
blk_mem_gen_v7_3 collision detected at time: 685000, A write address: 2, B  read address: 2
blk_mem_gen_v7_3 collision detected at time: 695000, A write address: 2, B  read address: 2
blk_mem_gen_v7_3 collision detected at time: 705000, A write address: 2, B  read address: 2
blk_mem_gen_v7_3 collision detected at time: 715000, A write address: 2, B  read address: 2
blk_mem_gen_v7_3 collision detected at time: 725000, A write address: 2, B  read address: 2
blk_mem_gen_v7_3 collision detected at time: 735000, A write address: 2, B  read address: 2
blk_mem_gen_v7_3 collision detected at time: 745000, A write address: 2, B  read address: 2
blk_mem_gen_v7_3 collision detected at time: 755000, A write address: 2, B  read address: 2
blk_mem_gen_v7_3 collision detected at time: 765000, A write address: 2, B  read address: 2
blk_mem_gen_v7_3 collision detected at time: 775000, A write address: 2, B  read address: 2
blk_mem_gen_v7_3 collision detected at time: 785000, A write address: 2, B  read address: 2
blk_mem_gen_v7_3 collision detected at time: 795000, A write address: 2, B  read address: 2
blk_mem_gen_v7_3 collision detected at time: 805000, A write address: 2, B  read address: 2
blk_mem_gen_v7_3 collision detected at time: 815000, A write address: 2, B  read address: 2
blk_mem_gen_v7_3 collision detected at time: 825000, A write address: 2, B  read address: 2
blk_mem_gen_v7_3 collision detected at time: 835000, A write address: 2, B  read address: 2
blk_mem_gen_v7_3 collision detected at time: 845000, A write address: 2, B  read address: 2
blk_mem_gen_v7_3 collision detected at time: 855000, A write address: 2, B  read address: 2
blk_mem_gen_v7_3 collision detected at time: 865000, A write address: 2, B  read address: 2
blk_mem_gen_v7_3 collision detected at time: 875000, A write address: 2, B  read address: 2
blk_mem_gen_v7_3 collision detected at time: 885000, A write address: 2, B  read address: 2
blk_mem_gen_v7_3 collision detected at time: 895000, A write address: 2, B  read address: 2
blk_mem_gen_v7_3 collision detected at time: 905000, A write address: 2, B  read address: 2
blk_mem_gen_v7_3 collision detected at time: 915000, A write address: 2, B  read address: 2
blk_mem_gen_v7_3 collision detected at time: 925000, A write address: 2, B  read address: 2
blk_mem_gen_v7_3 collision detected at time: 935000, A write address: 2, B  read address: 2
blk_mem_gen_v7_3 collision detected at time: 945000, A write address: 2, B  read address: 2
blk_mem_gen_v7_3 collision detected at time: 955000, A write address: 2, B  read address: 2
blk_mem_gen_v7_3 collision detected at time: 965000, A write address: 2, B  read address: 2
blk_mem_gen_v7_3 collision detected at time: 975000, A write address: 3, B  read address: 3
blk_mem_gen_v7_3 collision detected at time: 985000, A write address: 3, B  read address: 3
blk_mem_gen_v7_3 collision detected at time: 995000, A write address: 3, B  read address: 3
