Release 14.7 - ngc2edif P.20131013 (nt64)
Copyright (c) 1995-2013 Xilinx, Inc.  All rights reserved.
Reading design BB.ngc ...
WARNING:NetListWriters:298 - No output is written to BB.xncf, ignored.
Processing design ...
   Preping design's networks ...
   Preping design's macros ...
  finished :Prep
Writing EDIF netlist file BB.edif ...
ngc2edif: Total memory usage is 87540 kilobytes

Release 14.7 - ngc2edif P.20131013 (nt64)
Copyright (c) 1995-2013 Xilinx, Inc.  All rights reserved.
Reading design VM.ngc ...
WARNING:NetListWriters:298 - No output is written to VM.xncf, ignored.
Processing design ...
   Preping design's networks ...
   Preping design's macros ...
  finished :Prep
Writing EDIF netlist file VM.edif ...
ngc2edif: Total memory usage is 87604 kilobytes

Release 14.7 - ngc2edif P.20131013 (nt64)
Copyright (c) 1995-2013 Xilinx, Inc.  All rights reserved.
Reading design CM.ngc ...
WARNING:NetListWriters:298 - No output is written to CM.xncf, ignored.
Processing design ...
   Preping design's networks ...
   Preping design's macros ...
  finished :Prep
Writing EDIF netlist file CM.edif ...
ngc2edif: Total memory usage is 87604 kilobytes

Release 14.7 - ngc2edif P.20131013 (nt64)
Copyright (c) 1995-2013 Xilinx, Inc.  All rights reserved.
Reading design BB.ngc ...
WARNING:NetListWriters:298 - No output is written to BB.xncf, ignored.
Processing design ...
   Preping design's networks ...
   Preping design's macros ...
  finished :Prep
Writing EDIF netlist file BB.edif ...
ngc2edif: Total memory usage is 87872 kilobytes

Release 14.7 - ngc2edif P.20131013 (nt64)
Copyright (c) 1995-2013 Xilinx, Inc.  All rights reserved.
Reading design VM.ngc ...
WARNING:NetListWriters:298 - No output is written to VM.xncf, ignored.
Processing design ...
   Preping design's networks ...
   Preping design's macros ...
  finished :Prep
Writing EDIF netlist file VM.edif ...
ngc2edif: Total memory usage is 87552 kilobytes

Release 14.7 - ngc2edif P.20131013 (nt64)
Copyright (c) 1995-2013 Xilinx, Inc.  All rights reserved.
Reading design CM.ngc ...
WARNING:NetListWriters:298 - No output is written to CM.xncf, ignored.
Processing design ...
   Preping design's networks ...
   Preping design's macros ...
  finished :Prep
Writing EDIF netlist file CM.edif ...
ngc2edif: Total memory usage is 87552 kilobytes

Release 14.7 - ngc2edif P.20131013 (nt64)
Copyright (c) 1995-2013 Xilinx, Inc.  All rights reserved.
Reading design PC.ngc ...
WARNING:NetListWriters:298 - No output is written to PC.xncf, ignored.
Processing design ...
   Preping design's networks ...
   Preping design's macros ...
WARNING:NetListWriters:306 - Signal bus cpu/signal<12 : 0> on block PC is not
   reconstructed, because there are some missing bus signals.
  finished :Prep
Writing EDIF netlist file PC.edif ...
ngc2edif: Total memory usage is 100928 kilobytes

Release 14.7 - ngc2edif P.20131013 (nt64)
Copyright (c) 1995-2013 Xilinx, Inc.  All rights reserved.
Reading design BB.ngc ...
WARNING:NetListWriters:298 - No output is written to BB.xncf, ignored.
Processing design ...
   Preping design's networks ...
   Preping design's macros ...
  finished :Prep
Writing EDIF netlist file BB.edif ...
ngc2edif: Total memory usage is 87936 kilobytes

Release 14.7 - ngc2edif P.20131013 (nt64)
Copyright (c) 1995-2013 Xilinx, Inc.  All rights reserved.
Reading design VM.ngc ...
WARNING:NetListWriters:298 - No output is written to VM.xncf, ignored.
Processing design ...
   Preping design's networks ...
   Preping design's macros ...
  finished :Prep
Writing EDIF netlist file VM.edif ...
ngc2edif: Total memory usage is 87552 kilobytes

Release 14.7 - ngc2edif P.20131013 (nt64)
Copyright (c) 1995-2013 Xilinx, Inc.  All rights reserved.
Reading design CM.ngc ...
WARNING:NetListWriters:298 - No output is written to CM.xncf, ignored.
Processing design ...
   Preping design's networks ...
   Preping design's macros ...
  finished :Prep
Writing EDIF netlist file CM.edif ...
ngc2edif: Total memory usage is 87616 kilobytes

Release 14.7 - ngc2edif P.20131013 (nt64)
Copyright (c) 1995-2013 Xilinx, Inc.  All rights reserved.
Reading design PC.ngc ...
WARNING:NetListWriters:298 - No output is written to PC.xncf, ignored.
Processing design ...
   Preping design's networks ...
   Preping design's macros ...
WARNING:NetListWriters:306 - Signal bus cpu/signal<12 : 0> on block PC is not
   reconstructed, because there are some missing bus signals.
  finished :Prep
Writing EDIF netlist file PC.edif ...
ngc2edif: Total memory usage is 101056 kilobytes

Release 14.7 - ngc2edif P.20131013 (nt64)
Copyright (c) 1995-2013 Xilinx, Inc.  All rights reserved.
Reading design BB.ngc ...
WARNING:NetListWriters:298 - No output is written to BB.xncf, ignored.
Processing design ...
   Preping design's networks ...
   Preping design's macros ...
  finished :Prep
Writing EDIF netlist file BB.edif ...
ngc2edif: Total memory usage is 87168 kilobytes

Release 14.7 - ngc2edif P.20131013 (nt64)
Copyright (c) 1995-2013 Xilinx, Inc.  All rights reserved.
Reading design VM.ngc ...
WARNING:NetListWriters:298 - No output is written to VM.xncf, ignored.
Processing design ...
   Preping design's networks ...
   Preping design's macros ...
  finished :Prep
Writing EDIF netlist file VM.edif ...
ngc2edif: Total memory usage is 87936 kilobytes

Release 14.7 - ngc2edif P.20131013 (nt64)
Copyright (c) 1995-2013 Xilinx, Inc.  All rights reserved.
Reading design CM.ngc ...
WARNING:NetListWriters:298 - No output is written to CM.xncf, ignored.
Processing design ...
   Preping design's networks ...
   Preping design's macros ...
  finished :Prep
Writing EDIF netlist file CM.edif ...
ngc2edif: Total memory usage is 87552 kilobytes

Release 14.7 - ngc2edif P.20131013 (nt64)
Copyright (c) 1995-2013 Xilinx, Inc.  All rights reserved.
Reading design BB.ngc ...
WARNING:NetListWriters:298 - No output is written to BB.xncf, ignored.
Processing design ...
   Preping design's networks ...
   Preping design's macros ...
  finished :Prep
Writing EDIF netlist file BB.edif ...
ngc2edif: Total memory usage is 87488 kilobytes

Release 14.7 - ngc2edif P.20131013 (nt64)
Copyright (c) 1995-2013 Xilinx, Inc.  All rights reserved.
Reading design VM.ngc ...
WARNING:NetListWriters:298 - No output is written to VM.xncf, ignored.
Processing design ...
   Preping design's networks ...
   Preping design's macros ...
  finished :Prep
Writing EDIF netlist file VM.edif ...
ngc2edif: Total memory usage is 87296 kilobytes

Release 14.7 - ngc2edif P.20131013 (nt64)
Copyright (c) 1995-2013 Xilinx, Inc.  All rights reserved.
Reading design CM.ngc ...
WARNING:NetListWriters:298 - No output is written to CM.xncf, ignored.
Processing design ...
   Preping design's networks ...
   Preping design's macros ...
  finished :Prep
Writing EDIF netlist file CM.edif ...
ngc2edif: Total memory usage is 87296 kilobytes

